23:46:15,378 (main) INFO  [DataNucleus.Enhancer] - DataNucleus Enhancer (version 3.2.5) for API "JDO" using JRE "1.7"
23:46:15,593 (main) INFO  [DataNucleus.Enhancer] - Writing class file "/Users/agaber/Workspace/code/sandbox/target/classes/com/acme/sandbox/persistence/Contact.class" with enhanced definition
23:46:15,594 (main) INFO  [DataNucleus.Enhancer] - ENHANCED (PersistenceCapable) : com.acme.sandbox.persistence.Contact
23:46:15,594 (main) INFO  [DataNucleus.Enhancer] - DataNucleus Enhancer completed with success for 1 classes. Timings : input=163 ms, enhance=50 ms, total=213 ms. Consult the log for full details
23:51:46,253 (main) INFO  [DataNucleus.Enhancer] - DataNucleus Enhancer (version 3.2.5) for API "JDO" using JRE "1.7"
23:51:46,446 (main) INFO  [DataNucleus.Enhancer] - Class "com.acme.sandbox.persistence.Contact" is already enhanced.
23:51:46,446 (main) INFO  [DataNucleus.Enhancer] - ENHANCED (PersistenceCapable) : com.acme.sandbox.persistence.Contact
23:51:46,447 (main) INFO  [DataNucleus.Enhancer] - DataNucleus Enhancer completed with success for 1 classes. Timings : input=164 ms, enhance=26 ms, total=190 ms. Consult the log for full details
23:52:42,064 (main) INFO  [DataNucleus.Enhancer] - DataNucleus Enhancer (version 3.2.5) for API "JDO" using JRE "1.7"
23:52:42,256 (main) INFO  [DataNucleus.Enhancer] - Class "com.acme.sandbox.persistence.Contact" is already enhanced.
23:52:42,256 (main) INFO  [DataNucleus.Enhancer] - ENHANCED (PersistenceCapable) : com.acme.sandbox.persistence.Contact
23:52:42,257 (main) INFO  [DataNucleus.Enhancer] - DataNucleus Enhancer completed with success for 1 classes. Timings : input=162 ms, enhance=27 ms, total=189 ms. Consult the log for full details
23:53:05,144 (main) INFO  [DataNucleus.Enhancer] - DataNucleus Enhancer (version 3.2.5) for API "JDO" using JRE "1.7"
23:53:05,336 (main) INFO  [DataNucleus.Enhancer] - Class "com.acme.sandbox.persistence.Contact" is already enhanced.
23:53:05,336 (main) INFO  [DataNucleus.Enhancer] - ENHANCED (PersistenceCapable) : com.acme.sandbox.persistence.Contact
23:53:05,336 (main) INFO  [DataNucleus.Enhancer] - DataNucleus Enhancer completed with success for 1 classes. Timings : input=163 ms, enhance=27 ms, total=190 ms. Consult the log for full details
23:56:19,046 (main) INFO  [DataNucleus.Enhancer] - DataNucleus Enhancer (version 3.2.5) for API "JDO" using JRE "1.7"
23:56:19,239 (main) INFO  [DataNucleus.Enhancer] - Class "com.acme.sandbox.persistence.Contact" is already enhanced.
23:56:19,239 (main) INFO  [DataNucleus.Enhancer] - ENHANCED (PersistenceCapable) : com.acme.sandbox.persistence.Contact
23:56:19,239 (main) INFO  [DataNucleus.Enhancer] - DataNucleus Enhancer completed with success for 1 classes. Timings : input=163 ms, enhance=27 ms, total=190 ms. Consult the log for full details
00:14:01,988 (main) INFO  [DataNucleus.Enhancer] - DataNucleus Enhancer (version 3.2.5) for API "JDO" using JRE "1.7"
00:14:02,185 (main) INFO  [DataNucleus.Enhancer] - Class "com.acme.sandbox.persistence.Contact" is already enhanced.
00:14:02,185 (main) INFO  [DataNucleus.Enhancer] - ENHANCED (PersistenceCapable) : com.acme.sandbox.persistence.Contact
00:14:02,185 (main) INFO  [DataNucleus.Enhancer] - DataNucleus Enhancer completed with success for 1 classes. Timings : input=168 ms, enhance=27 ms, total=195 ms. Consult the log for full details
00:14:44,679 (main) INFO  [DataNucleus.Enhancer] - DataNucleus Enhancer (version 3.2.5) for API "JDO" using JRE "1.7"
00:14:44,893 (main) INFO  [DataNucleus.Enhancer] - Class "com.acme.sandbox.persistence.Contact" is already enhanced.
00:14:44,893 (main) INFO  [DataNucleus.Enhancer] - ENHANCED (PersistenceCapable) : com.acme.sandbox.persistence.Contact
00:14:44,894 (main) INFO  [DataNucleus.Enhancer] - DataNucleus Enhancer completed with success for 1 classes. Timings : input=183 ms, enhance=28 ms, total=211 ms. Consult the log for full details
01:49:21,938 (main) INFO  [DataNucleus.Enhancer] - DataNucleus Enhancer (version 3.2.5) for API "JDO" using JRE "1.7"
01:49:22,175 (main) INFO  [DataNucleus.Enhancer] - Class "com.acme.sandbox.persistence.Contact" is already enhanced.
01:49:22,175 (main) INFO  [DataNucleus.Enhancer] - ENHANCED (PersistenceCapable) : com.acme.sandbox.persistence.Contact
01:49:22,175 (main) INFO  [DataNucleus.Enhancer] - DataNucleus Enhancer completed with success for 1 classes. Timings : input=195 ms, enhance=38 ms, total=233 ms. Consult the log for full details
01:54:51,405 (main) INFO  [DataNucleus.Enhancer] - DataNucleus Enhancer (version 3.2.5) for API "JDO" using JRE "1.7"
01:54:51,598 (main) INFO  [DataNucleus.Enhancer] - Class "com.acme.sandbox.persistence.Contact" is already enhanced.
01:54:51,598 (main) INFO  [DataNucleus.Enhancer] - ENHANCED (PersistenceCapable) : com.acme.sandbox.persistence.Contact
01:54:51,599 (main) INFO  [DataNucleus.Enhancer] - DataNucleus Enhancer completed with success for 1 classes. Timings : input=163 ms, enhance=27 ms, total=190 ms. Consult the log for full details
01:57:56,212 (main) INFO  [DataNucleus.Enhancer] - DataNucleus Enhancer (version 3.2.5) for API "JDO" using JRE "1.7"
01:57:56,407 (main) INFO  [DataNucleus.Enhancer] - Class "com.acme.sandbox.persistence.Contact" is already enhanced.
01:57:56,408 (main) INFO  [DataNucleus.Enhancer] - ENHANCED (PersistenceCapable) : com.acme.sandbox.persistence.Contact
01:57:56,408 (main) INFO  [DataNucleus.Enhancer] - DataNucleus Enhancer completed with success for 1 classes. Timings : input=166 ms, enhance=28 ms, total=194 ms. Consult the log for full details
02:10:04,144 (main) INFO  [DataNucleus.Enhancer] - DataNucleus Enhancer (version 3.2.5) for API "JDO" using JRE "1.7"
02:10:04,308 (main) ERROR [DataNucleus.MetaData] - Class "com.acme.sandbox.persistence.Contact" field "id" : marked as persistent yet is final so cannot be persisted
org.datanucleus.metadata.InvalidMetaDataException: Class "com.acme.sandbox.persistence.Contact" field "id" : marked as persistent yet is final so cannot be persisted
	at org.datanucleus.metadata.AbstractMemberMetaData.isFieldToBePersisted(AbstractMemberMetaData.java:2346)
	at org.datanucleus.metadata.ClassMetaData.initialise(ClassMetaData.java:603)
	at org.datanucleus.metadata.MetaDataManager$2.run(MetaDataManager.java:2857)
	at java.security.AccessController.doPrivileged(Native Method)
	at org.datanucleus.metadata.MetaDataManager.initialiseAbstractClassMetaData(MetaDataManager.java:2851)
	at org.datanucleus.metadata.MetaDataManager.initialiseClassMetaData(MetaDataManager.java:2703)
	at org.datanucleus.metadata.MetaDataManager.initialiseFileMetaData(MetaDataManager.java:2651)
	at org.datanucleus.metadata.MetaDataManager.initialiseFileMetaDataForUse(MetaDataManager.java:1200)
	at org.datanucleus.metadata.MetaDataManager.loadClasses(MetaDataManager.java:582)
	at org.datanucleus.enhancer.DataNucleusEnhancer.getFileMetadataForInput(DataNucleusEnhancer.java:737)
	at org.datanucleus.enhancer.DataNucleusEnhancer.enhance(DataNucleusEnhancer.java:513)
	at org.datanucleus.enhancer.DataNucleusEnhancer.main(DataNucleusEnhancer.java:1281)

02:10:04,311 (main) ERROR [DataNucleus.Enhancer] - DataNucleus Enhancer completed with an error. Please review the enhancer log (at DEBUG level) for full details. Some classes may have been enhanced but some caused errors
Errors were encountered when initialising the specified MetaData. See the nested exceptions for details
org.datanucleus.exceptions.NucleusUserException: Errors were encountered when initialising the specified MetaData. See the nested exceptions for details
	at org.datanucleus.metadata.MetaDataManager.initialiseFileMetaDataForUse(MetaDataManager.java:1211)
	at org.datanucleus.metadata.MetaDataManager.loadClasses(MetaDataManager.java:582)
	at org.datanucleus.enhancer.DataNucleusEnhancer.getFileMetadataForInput(DataNucleusEnhancer.java:737)
	at org.datanucleus.enhancer.DataNucleusEnhancer.enhance(DataNucleusEnhancer.java:513)
	at org.datanucleus.enhancer.DataNucleusEnhancer.main(DataNucleusEnhancer.java:1281)
Caused by: org.datanucleus.metadata.InvalidMetaDataException: Class "com.acme.sandbox.persistence.Contact" field "id" : marked as persistent yet is final so cannot be persisted
	at org.datanucleus.metadata.AbstractMemberMetaData.isFieldToBePersisted(AbstractMemberMetaData.java:2346)
	at org.datanucleus.metadata.ClassMetaData.initialise(ClassMetaData.java:603)
	at org.datanucleus.metadata.MetaDataManager$2.run(MetaDataManager.java:2857)
	at java.security.AccessController.doPrivileged(Native Method)
	at org.datanucleus.metadata.MetaDataManager.initialiseAbstractClassMetaData(MetaDataManager.java:2851)
	at org.datanucleus.metadata.MetaDataManager.initialiseClassMetaData(MetaDataManager.java:2703)
	at org.datanucleus.metadata.MetaDataManager.initialiseFileMetaData(MetaDataManager.java:2651)
	at org.datanucleus.metadata.MetaDataManager.initialiseFileMetaDataForUse(MetaDataManager.java:1200)
	... 4 more
Nested Throwables StackTrace:
Class "com.acme.sandbox.persistence.Contact" field "id" : marked as persistent yet is final so cannot be persisted
org.datanucleus.metadata.InvalidMetaDataException: Class "com.acme.sandbox.persistence.Contact" field "id" : marked as persistent yet is final so cannot be persisted
	at org.datanucleus.metadata.AbstractMemberMetaData.isFieldToBePersisted(AbstractMemberMetaData.java:2346)
	at org.datanucleus.metadata.ClassMetaData.initialise(ClassMetaData.java:603)
	at org.datanucleus.metadata.MetaDataManager$2.run(MetaDataManager.java:2857)
	at java.security.AccessController.doPrivileged(Native Method)
	at org.datanucleus.metadata.MetaDataManager.initialiseAbstractClassMetaData(MetaDataManager.java:2851)
	at org.datanucleus.metadata.MetaDataManager.initialiseClassMetaData(MetaDataManager.java:2703)
	at org.datanucleus.metadata.MetaDataManager.initialiseFileMetaData(MetaDataManager.java:2651)
	at org.datanucleus.metadata.MetaDataManager.initialiseFileMetaDataForUse(MetaDataManager.java:1200)
	at org.datanucleus.metadata.MetaDataManager.loadClasses(MetaDataManager.java:582)
	at org.datanucleus.enhancer.DataNucleusEnhancer.getFileMetadataForInput(DataNucleusEnhancer.java:737)
	at org.datanucleus.enhancer.DataNucleusEnhancer.enhance(DataNucleusEnhancer.java:513)
	at org.datanucleus.enhancer.DataNucleusEnhancer.main(DataNucleusEnhancer.java:1281)
02:11:11,633 (main) INFO  [DataNucleus.Enhancer] - DataNucleus Enhancer (version 3.2.5) for API "JDO" using JRE "1.7"
02:11:11,850 (main) INFO  [DataNucleus.Enhancer] - Writing class file "/Users/agaber/Workspace/code/sandbox/target/classes/com/acme/sandbox/persistence/Contact.class" with enhanced definition
02:11:11,851 (main) INFO  [DataNucleus.Enhancer] - ENHANCED (PersistenceCapable) : com.acme.sandbox.persistence.Contact
02:11:11,851 (main) INFO  [DataNucleus.Enhancer] - DataNucleus Enhancer completed with success for 1 classes. Timings : input=161 ms, enhance=54 ms, total=215 ms. Consult the log for full details
02:12:09,694 (main) INFO  [DataNucleus.Enhancer] - DataNucleus Enhancer (version 3.2.5) for API "JDO" using JRE "1.7"
02:12:09,889 (main) INFO  [DataNucleus.Enhancer] - Class "com.acme.sandbox.persistence.Contact" is already enhanced.
02:12:09,889 (main) INFO  [DataNucleus.Enhancer] - ENHANCED (PersistenceCapable) : com.acme.sandbox.persistence.Contact
02:12:09,889 (main) INFO  [DataNucleus.Enhancer] - DataNucleus Enhancer completed with success for 1 classes. Timings : input=166 ms, enhance=26 ms, total=192 ms. Consult the log for full details
02:13:20,450 (main) INFO  [DataNucleus.Enhancer] - DataNucleus Enhancer (version 3.2.5) for API "JDO" using JRE "1.7"
02:13:20,644 (main) INFO  [DataNucleus.Enhancer] - Class "com.acme.sandbox.persistence.Contact" is already enhanced.
02:13:20,644 (main) INFO  [DataNucleus.Enhancer] - ENHANCED (PersistenceCapable) : com.acme.sandbox.persistence.Contact
02:13:20,644 (main) INFO  [DataNucleus.Enhancer] - DataNucleus Enhancer completed with success for 1 classes. Timings : input=165 ms, enhance=27 ms, total=192 ms. Consult the log for full details
02:14:28,243 (main) INFO  [DataNucleus.Enhancer] - DataNucleus Enhancer (version 3.2.5) for API "JDO" using JRE "1.7"
02:14:28,480 (main) INFO  [DataNucleus.Enhancer] - Writing class file "/Users/agaber/Workspace/code/sandbox/target/classes/com/acme/sandbox/persistence/Contact.class" with enhanced definition
02:14:28,480 (main) INFO  [DataNucleus.Enhancer] - ENHANCED (PersistenceCapable) : com.acme.sandbox.persistence.Contact
02:14:28,481 (main) INFO  [DataNucleus.Enhancer] - DataNucleus Enhancer completed with success for 1 classes. Timings : input=180 ms, enhance=55 ms, total=235 ms. Consult the log for full details
02:30:35,628 (main) INFO  [DataNucleus.Enhancer] - DataNucleus Enhancer (version 3.2.5) for API "JDO" using JRE "1.7"
02:30:35,847 (main) INFO  [DataNucleus.Enhancer] - Writing class file "/Users/agaber/Workspace/code/sandbox/target/classes/com/acme/sandbox/persistence/Contact.class" with enhanced definition
02:30:35,848 (main) INFO  [DataNucleus.Enhancer] - ENHANCED (PersistenceCapable) : com.acme.sandbox.persistence.Contact
02:30:35,848 (main) INFO  [DataNucleus.Enhancer] - DataNucleus Enhancer completed with success for 1 classes. Timings : input=167 ms, enhance=51 ms, total=218 ms. Consult the log for full details
02:31:10,262 (main) INFO  [DataNucleus.Enhancer] - DataNucleus Enhancer (version 3.2.5) for API "JDO" using JRE "1.7"
02:31:10,479 (main) INFO  [DataNucleus.Enhancer] - Writing class file "/Users/agaber/Workspace/code/sandbox/target/classes/com/acme/sandbox/persistence/Address.class" with enhanced definition
02:31:10,479 (main) INFO  [DataNucleus.Enhancer] - ENHANCED (PersistenceCapable) : com.acme.sandbox.persistence.Address
02:31:10,486 (main) INFO  [DataNucleus.Enhancer] - Writing class file "/Users/agaber/Workspace/code/sandbox/target/classes/com/acme/sandbox/persistence/Contact.class" with enhanced definition
02:31:10,486 (main) INFO  [DataNucleus.Enhancer] - ENHANCED (PersistenceCapable) : com.acme.sandbox.persistence.Contact
02:31:10,487 (main) INFO  [DataNucleus.Enhancer] - DataNucleus Enhancer completed with success for 2 classes. Timings : input=166 ms, enhance=55 ms, total=221 ms. Consult the log for full details
02:39:29,021 (main) INFO  [DataNucleus.Enhancer] - DataNucleus Enhancer (version 3.2.5) for API "JDO" using JRE "1.7"
02:39:29,239 (main) INFO  [DataNucleus.Enhancer] - Writing class file "/Users/agaber/Workspace/code/sandbox/target/classes/com/acme/sandbox/persistence/Address.class" with enhanced definition
02:39:29,239 (main) INFO  [DataNucleus.Enhancer] - ENHANCED (PersistenceCapable) : com.acme.sandbox.persistence.Address
02:39:29,246 (main) INFO  [DataNucleus.Enhancer] - Writing class file "/Users/agaber/Workspace/code/sandbox/target/classes/com/acme/sandbox/persistence/Contact.class" with enhanced definition
02:39:29,246 (main) INFO  [DataNucleus.Enhancer] - ENHANCED (PersistenceCapable) : com.acme.sandbox.persistence.Contact
02:39:29,246 (main) INFO  [DataNucleus.Enhancer] - DataNucleus Enhancer completed with success for 2 classes. Timings : input=166 ms, enhance=57 ms, total=223 ms. Consult the log for full details
